<?xml version="1.0" encoding="UTF-8"?>
<!-- Generated by org.testng.reporters.JUnitXMLReporter -->
<testsuite ignored="0" hostname="LP-5CD3441HN5" failures="1" tests="3" name="PartsTest" time="107.888" errors="0" timestamp="2025-06-19T15:17:45 IST">
  <testcase classname="com.itc.testcases.Login" name="Login" time="19.531"/>
  <testcase classname="com.itc.testcases.DeletePart" name="deletepart" time="69.252"/>
  <testcase classname="com.itc.testcases.LoginErrorSNTicketCreation" name="Login" time="18.998">
    <failure type="java.lang.AssertionError" message="expected [true] but found [false]">
      <![CDATA[java.lang.AssertionError: expected [true] but found [false]
at com.itc.testcases.LoginErrorSNTicketCreation.Login(LoginErrorSNTicketCreation.java:57)
at java.base/java.util.ArrayList.forEach(ArrayList.java:1596)
... Removed 29 stack frames]]>
    </failure>
  </testcase> <!-- Login -->
</testsuite> <!-- PartsTest -->
