<?xml version="1.0" encoding="UTF-8"?>
<!-- Generated by org.testng.reporters.JUnitXMLReporter -->
<testsuite ignored="0" hostname="LP-PF2AZ5RQ" failures="1" tests="1" name="ReassignProblemReport" time="64.683" errors="0" timestamp="2024-07-26T11:43:53 IST">
  <testcase classname="com.itc.testcases.ReassignProblemReport" name="reassignproblemreport" time="64.221">
    <failure type="org.openqa.selenium.NoSuchElementException" message="Cannot locate option with text: Site, Administrator (wcadmin: Site)
For documentation on this error, please visit: https://selenium.dev/exceptions/#no_such_element
Build info: version: &amp;apos;4.8.3&amp;apos;, revision: &amp;apos;e5e76298c3&amp;apos;
System info: os.name: &amp;apos;Windows 10&amp;apos;, os.arch: &amp;apos;amd64&amp;apos;, os.version: &amp;apos;10.0&amp;apos;, java.version: &amp;apos;18&amp;apos;
Driver info: driver.version: unknown">
      <![CDATA[org.openqa.selenium.NoSuchElementException: Cannot locate option with text: Site, Administrator (wcadmin: Site)
For documentation on this error, please visit: https://selenium.dev/exceptions/#no_such_element
Build info: version: '4.8.3', revision: 'e5e76298c3'
System info: os.name: 'Windows 10', os.arch: 'amd64', os.version: '10.0', java.version: '18'
Driver info: driver.version: unknown
at org.openqa.selenium.support.ui.Select.selectByVisibleText(Select.java:153)
at com.itc.page.actions.ReassignTasksPage.Select_reassignto(ReassignTasksPage.java:32)
at com.itc.base.Page.SwitchtoReassigntasks_window(Page.java:493)
at com.itc.testcases.ReassignProblemReport.reassignproblemreport(ReassignProblemReport.java:43)
at java.base/java.util.ArrayList.forEach(ArrayList.java:1511)
... Removed 25 stack frames]]>
    </failure>
  </testcase> <!-- reassignproblemreport -->
</testsuite> <!-- ReassignProblemReport -->
